0 info it worked if it ends with ok
1 verbose cli [ '/usr/local/bin/node', '/usr/local/bin/npm', 'run', 'serve' ]
2 info using npm@3.10.10
3 info using node@v6.9.5
4 verbose run-script [ 'preserve', 'serve', 'postserve' ]
5 info lifecycle markdown2.github.io@1.0.0~preserve: markdown2.github.io@1.0.0
6 silly lifecycle markdown2.github.io@1.0.0~preserve: no script for preserve, continuing
7 info lifecycle markdown2.github.io@1.0.0~serve: markdown2.github.io@1.0.0
8 verbose lifecycle markdown2.github.io@1.0.0~serve: unsafe-perm in lifecycle true
9 verbose lifecycle markdown2.github.io@1.0.0~serve: PATH: /usr/local/lib/node_modules/npm/bin/node-gyp-bin:/Users/sergey/Sites/#Projects/markdown2.github.io/node_modules/.bin:/Applications/MAMP/bin/php/php5.6.27/bin:/usr/bin:/bin:/usr/sbin:/sbin:/usr/local/bin
10 verbose lifecycle markdown2.github.io@1.0.0~serve: CWD: /Users/sergey/Sites/#Projects/markdown2.github.io
11 silly lifecycle markdown2.github.io@1.0.0~serve: Args: [ '-c', 'bundle exec jekyll serve' ]
12 silly lifecycle markdown2.github.io@1.0.0~serve: Returned: code: 1  signal: null
13 info lifecycle markdown2.github.io@1.0.0~serve: Failed to exec serve script
14 verbose stack Error: markdown2.github.io@1.0.0 serve: `bundle exec jekyll serve`
14 verbose stack Exit status 1
14 verbose stack     at EventEmitter.<anonymous> (/usr/local/lib/node_modules/npm/lib/utils/lifecycle.js:255:16)
14 verbose stack     at emitTwo (events.js:106:13)
14 verbose stack     at EventEmitter.emit (events.js:191:7)
14 verbose stack     at ChildProcess.<anonymous> (/usr/local/lib/node_modules/npm/lib/utils/spawn.js:40:14)
14 verbose stack     at emitTwo (events.js:106:13)
14 verbose stack     at ChildProcess.emit (events.js:191:7)
14 verbose stack     at maybeClose (internal/child_process.js:877:16)
14 verbose stack     at Process.ChildProcess._handle.onexit (internal/child_process.js:226:5)
15 verbose pkgid markdown2.github.io@1.0.0
16 verbose cwd /Users/sergey/Sites/#Projects/markdown2.github.io
17 error Darwin 16.4.0
18 error argv "/usr/local/bin/node" "/usr/local/bin/npm" "run" "serve"
19 error node v6.9.5
20 error npm  v3.10.10
21 error code ELIFECYCLE
22 error markdown2.github.io@1.0.0 serve: `bundle exec jekyll serve`
22 error Exit status 1
23 error Failed at the markdown2.github.io@1.0.0 serve script 'bundle exec jekyll serve'.
23 error Make sure you have the latest version of node.js and npm installed.
23 error If you do, this is most likely a problem with the markdown2.github.io package,
23 error not with npm itself.
23 error Tell the author that this fails on your system:
23 error     bundle exec jekyll serve
23 error You can get information on how to open an issue for this project with:
23 error     npm bugs markdown2.github.io
23 error Or if that isn't available, you can get their info via:
23 error     npm owner ls markdown2.github.io
23 error There is likely additional logging output above.
24 verbose exit [ 1, true ]
